<?xml version="1.0" encoding="UTF-8"?>
<robot generator="Robot 4.0.1 (Python 3.9.4 on win32)" generated="20210421 21:00:51.339" rpa="false" schemaversion="2">
<suite id="s1" name="AQMS" source="C:\Users\Younten Tshering\Documents\GitHub\SDQI2021_G1\AQMS\AQMS.robot">
<test id="s1-t1" name="1. Open Website">
<kw name="Open Browser" library="Selenium2Library">
<arg>${url}</arg>
<arg>${Browser}</arg>
<arg>options=add_experimental_option("excludeSwitches", ["enable-logging"])</arg>
<doc>Opens a new browser instance to the optional ``url``.</doc>
<msg timestamp="20210421 21:00:52.040" level="INFO">Opening browser 'chrome' to base url 'http://localhost:8080/admin/login'.</msg>
<kw name="Capture Page Screenshot" library="Selenium2Library">
<doc>Takes a screenshot of the current page and embeds it into a log file.</doc>
<msg timestamp="20210421 21:01:01.686" level="INFO" html="true">&lt;/td&gt;&lt;/tr&gt;&lt;tr&gt;&lt;td colspan="3"&gt;&lt;a href="selenium-screenshot-3.png"&gt;&lt;img src="selenium-screenshot-3.png" width="800px"&gt;&lt;/a&gt;</msg>
<status status="PASS" starttime="20210421 21:01:01.593" endtime="20210421 21:01:01.686"/>
</kw>
<msg timestamp="20210421 21:01:01.724" level="FAIL">WebDriverException: Message: unknown error: net::ERR_CONNECTION_REFUSED
  (Session info: chrome=90.0.4430.85)
</msg>
<status status="FAIL" starttime="20210421 21:00:52.039" endtime="20210421 21:01:01.724"/>
</kw>
<kw name="Maximize Browser Window" library="Selenium2Library">
<doc>Maximizes current browser window.</doc>
<status status="NOT RUN" starttime="20210421 21:01:01.724" endtime="20210421 21:01:01.724"/>
</kw>
<kw name="Set Selenium Speed" library="Selenium2Library">
<arg>0.3</arg>
<doc>Sets the delay that is waited after each Selenium command.</doc>
<status status="NOT RUN" starttime="20210421 21:01:01.725" endtime="20210421 21:01:01.725"/>
</kw>
<status status="FAIL" starttime="20210421 21:00:52.038" endtime="20210421 21:01:01.725">WebDriverException: Message: unknown error: net::ERR_CONNECTION_REFUSED
  (Session info: chrome=90.0.4430.85)
</status>
</test>
<test id="s1-t2" name="2. Input username and password">
<kw name="Input Text" library="Selenium2Library">
<arg>name=username Younten</arg>
<doc>Types the given ``text`` into the text field identified by ``locator``.</doc>
<msg timestamp="20210421 21:01:01.728" level="FAIL">Keyword 'Selenium2Library.Input Text' expected 2 to 3 arguments, got 1.</msg>
<status status="FAIL" starttime="20210421 21:01:01.728" endtime="20210421 21:01:01.729"/>
</kw>
<kw name="Input Text" library="Selenium2Library">
<arg>name=password 1234</arg>
<doc>Types the given ``text`` into the text field identified by ``locator``.</doc>
<status status="NOT RUN" starttime="20210421 21:01:01.729" endtime="20210421 21:01:01.729"/>
</kw>
<status status="FAIL" starttime="20210421 21:01:01.728" endtime="20210421 21:01:01.730">Keyword 'Selenium2Library.Input Text' expected 2 to 3 arguments, got 1.</status>
</test>
<test id="s1-t3" name="3. Login">
<kw name="Click Button" library="Selenium2Library">
<arg>name=submit</arg>
<doc>Clicks the button identified by ``locator``.</doc>
<msg timestamp="20210421 21:01:01.733" level="INFO">Clicking button 'name=submit'.</msg>
<kw name="Capture Page Screenshot" library="Selenium2Library">
<doc>Takes a screenshot of the current page and embeds it into a log file.</doc>
<msg timestamp="20210421 21:01:01.850" level="INFO" html="true">&lt;/td&gt;&lt;/tr&gt;&lt;tr&gt;&lt;td colspan="3"&gt;&lt;a href="selenium-screenshot-4.png"&gt;&lt;img src="selenium-screenshot-4.png" width="800px"&gt;&lt;/a&gt;</msg>
<status status="PASS" starttime="20210421 21:01:01.756" endtime="20210421 21:01:01.850"/>
</kw>
<msg timestamp="20210421 21:01:01.852" level="FAIL">Button with locator 'name=submit' not found.</msg>
<status status="FAIL" starttime="20210421 21:01:01.732" endtime="20210421 21:01:01.852"/>
</kw>
<status status="FAIL" starttime="20210421 21:01:01.732" endtime="20210421 21:01:01.852">Button with locator 'name=submit' not found.</status>
</test>
<test id="s1-t4" name="4. Check page info">
<kw name="Click Link" library="Selenium2Library">
<arg>xpath=(//a[@href="#"])[2]</arg>
<doc>Clicks a link identified by ``locator``.</doc>
<msg timestamp="20210421 21:01:01.856" level="INFO">Clicking link 'xpath=(//a[@href="#"])[2]'.</msg>
<kw name="Capture Page Screenshot" library="Selenium2Library">
<doc>Takes a screenshot of the current page and embeds it into a log file.</doc>
<msg timestamp="20210421 21:01:01.968" level="INFO" html="true">&lt;/td&gt;&lt;/tr&gt;&lt;tr&gt;&lt;td colspan="3"&gt;&lt;a href="selenium-screenshot-5.png"&gt;&lt;img src="selenium-screenshot-5.png" width="800px"&gt;&lt;/a&gt;</msg>
<status status="PASS" starttime="20210421 21:01:01.867" endtime="20210421 21:01:01.968"/>
</kw>
<msg timestamp="20210421 21:01:01.969" level="FAIL">Link with locator 'xpath=(//a[@href="#"])[2]' not found.</msg>
<status status="FAIL" starttime="20210421 21:01:01.855" endtime="20210421 21:01:01.969"/>
</kw>
<kw name="Get Text" library="Selenium2Library">
<var>${result}</var>
<arg>xpath=(//div)[8]</arg>
<doc>Returns the text value of the element identified by ``locator``.</doc>
<status status="NOT RUN" starttime="20210421 21:01:01.970" endtime="20210421 21:01:01.970"/>
</kw>
<kw name="Log To Console" library="BuiltIn">
<arg>${result}</arg>
<doc>Logs the given message to the console.</doc>
<status status="NOT RUN" starttime="20210421 21:01:01.971" endtime="20210421 21:01:01.971"/>
</kw>
<kw name="Should Contain" library="BuiltIn">
<arg>${result}</arg>
<arg>${expect}</arg>
<doc>Fails if ``container`` does not contain ``item`` one or more times.</doc>
<status status="NOT RUN" starttime="20210421 21:01:01.971" endtime="20210421 21:01:01.971"/>
</kw>
<status status="FAIL" starttime="20210421 21:01:01.854" endtime="20210421 21:01:01.972">Link with locator 'xpath=(//a[@href="#"])[2]' not found.</status>
</test>
<test id="s1-t5" name="5. close Browser">
<kw name="Close Browser" library="Selenium2Library">
<doc>Closes the current browser.</doc>
<status status="PASS" starttime="20210421 21:01:01.975" endtime="20210421 21:01:04.385"/>
</kw>
<status status="PASS" starttime="20210421 21:01:01.974" endtime="20210421 21:01:04.386"/>
</test>
<status status="FAIL" starttime="20210421 21:00:51.344" endtime="20210421 21:01:04.390"/>
</suite>
<statistics>
<total>
<stat pass="1" fail="4" skip="0">All Tests</stat>
</total>
<tag>
</tag>
<suite>
<stat pass="1" fail="4" skip="0" id="s1" name="AQMS">AQMS</stat>
</suite>
</statistics>
<errors>
</errors>
</robot>
